<?xml version="1.0" encoding="UTF-8"?>
<!-- Generated by org.testng.reporters.JUnitXMLReporter -->
<testsuite hostname="apasham-171222" ignored="0" name="Validate Test" tests="9" failures="3" timestamp="2019-09-13T10:17:31 PDT" time="0.049" errors="0">
  <testcase name="doUserRegister" time="0.001" classname="regression.TestCase1">
    <failure type="java.lang.AssertionError" message="User was not registered">
      <![CDATA[java.lang.AssertionError: User was not registered
at regression.TestCase1.doUserRegister(TestCase1.java:29)
at java.util.ArrayList.forEach(Unknown Source)
... Removed 28 stack frames]]>
    </failure>
  </testcase> <!-- doUserRegister -->
  <testcase name="doLogin" time="0.0" classname="regression.TestCase1">
    <skipped/>
  </testcase> <!-- doLogin -->
  <testcase name="fourthTest" time="0.0" classname="regression.TestCase1">
    <skipped/>
  </testcase> <!-- fourthTest -->
  <testcase name="thirdTest" time="0.001" classname="regression.TestCase1"/>
  <testcase name="doUserRegister" time="0.001" classname="TestCases.TestCase1">
    <failure type="java.lang.AssertionError" message="User was not registered">
      <![CDATA[java.lang.AssertionError: User was not registered
at TestCases.TestCase1.doUserRegister(TestCase1.java:29)
at java.util.ArrayList.forEach(Unknown Source)
... Removed 28 stack frames]]>
    </failure>
  </testcase> <!-- doUserRegister -->
  <testcase name="doLogin" time="0.0" classname="TestCases.TestCase1">
    <skipped/>
  </testcase> <!-- doLogin -->
  <testcase name="fourthTest" time="0.0" classname="TestCases.TestCase1">
    <skipped/>
  </testcase> <!-- fourthTest -->
  <testcase name="thirdTest" time="0.002" classname="TestCases.TestCase1"/>
  <testcase name="validateTitles" time="0.002" classname="TestCases.TestCase2">
    <failure type="java.lang.AssertionError" message="The following asserts failed:
	expected [Yahoo.com] but found [Gmail.com],
	Failing the test as condition is not met,
	text box not found expected [false] but found [true]">
      <![CDATA[java.lang.AssertionError: The following asserts failed:
expected [Yahoo.com] but found [Gmail.com],
Failing the test as condition is not met,
text box not found expected [false] but found [true]
at TestCases.TestCase2.validateTitles(TestCase2.java:31)
at java.util.ArrayList.forEach(Unknown Source)
... Removed 29 stack frames]]>
    </failure>
  </testcase> <!-- validateTitles -->
</testsuite> <!-- Validate Test -->
